<?xml version="1.0" encoding="UTF-8"?>
<!-- Generated by org.testng.reporters.JUnitReportReporter -->
<testsuite hostname="DESKTOP-MG9B9KT" failures="0" tests="1" name="com.mindtree.Runner.BookRunner" time="23.451" errors="0" timestamp="2021-11-09T12:57:30 IST" skipped="0">
  <testcase classname="com.mindtree.Runner.BookRunner" name="runScenario" time="23.451"/>
</testsuite> <!-- com.mindtree.Runner.BookRunner -->
